#
# There is insufficient memory for the Java Runtime Environment to continue.
# Native memory allocation (mmap) failed to map 134217728 bytes. Error detail: G1 virtual space
# Possible reasons:
#   The system is out of physical RAM or swap space
#   This process is running with CompressedOops enabled, and the Java Heap may be blocking the growth of the native heap
# Possible solutions:
#   Reduce memory load on the system
#   Increase physical memory or swap space
#   Check if swap backing store is full
#   Decrease Java heap size (-Xmx/-Xms)
#   Decrease number of Java threads
#   Decrease Java thread stack sizes (-Xss)
#   Set larger code cache with -XX:ReservedCodeCacheSize=
#   JVM is running with Unscaled Compressed Oops mode in which the Java heap is
#     placed in the first 4GB address space. The Java Heap base address is the
#     maximum limit for the native heap growth. Please use -XX:HeapBaseMinAddress
#     to set the Java Heap base and to place the Java Heap above 4GB virtual address.
# This output file may be truncated or incomplete.
#
#  Out of Memory Error (os_windows.cpp:3898), pid=11116, tid=17316
#
# JRE version:  (21.0.6+9) (build )
# Java VM: OpenJDK 64-Bit Server VM (21.0.6+9-b895.109, mixed mode, sharing, tiered, compressed oops, compressed class ptrs, g1 gc, windows-amd64)
# No core dump will be written. Minidumps are not enabled by default on client versions of Windows
#

---------------  S U M M A R Y ------------

Command Line: -Djava.rmi.server.hostname=127.0.0.1 -Duser.timezone=UTC -Xmx2048m -Xms128m -Djdbc.classpath=C:\Users\user\AppData\Local\Temp\RemoteDriver1.classpath.txt --add-exports=java.desktop/sun.awt=ALL-UNNAMED --add-exports=java.desktop/java.awt.peer=ALL-UNNAMED --add-opens=java.desktop/java.awt=ALL-UNNAMED --add-opens=jdk.unsupported/sun.misc=ALL-UNNAMED --add-opens=java.base/java.nio=ALL-UNNAMED --add-opens=java.base/java.util=ALL-UNNAMED -Dfile.encoding=UTF-8 -Dsun.stdout.encoding=UTF-8 -Dsun.stderr.encoding=UTF-8 com.intellij.database.remote.RemoteJdbcServer com.mysql.cj.jdbc.Driver

Host: 13th Gen Intel(R) Core(TM) i5-1335U, 12 cores, 15G,  Windows 11 , 64 bit Build 26100 (10.0.26100.4202)
Time: Mon Jun 23 14:17:31 2025  Windows 11 , 64 bit Build 26100 (10.0.26100.4202) elapsed time: 1.189512 seconds (0d 0h 0m 1s)

---------------  T H R E A D  ---------------

Current thread (0x00000299a44a55f0):  JavaThread "Unknown thread" [_thread_in_vm, id=17316, stack(0x000000ba5ca00000,0x000000ba5cb00000) (1024K)]

Stack: [0x000000ba5ca00000,0x000000ba5cb00000]
Native frames: (J=compiled Java code, j=interpreted, Vv=VM code, C=native code)
V  [jvm.dll+0x6e5cb9]
V  [jvm.dll+0x8c4113]
V  [jvm.dll+0x8c666e]
V  [jvm.dll+0x8c6d53]
V  [jvm.dll+0x288f76]
V  [jvm.dll+0x6e2575]
V  [jvm.dll+0x6d602a]
V  [jvm.dll+0x3635db]
V  [jvm.dll+0x36b1a6]
V  [jvm.dll+0x3bd4f6]
V  [jvm.dll+0x3bd7c8]
V  [jvm.dll+0x335d2c]
V  [jvm.dll+0x336a1b]
V  [jvm.dll+0x88b569]
V  [jvm.dll+0x3ca6c8]
V  [jvm.dll+0x8745b8]
V  [jvm.dll+0x45f0de]
V  [jvm.dll+0x460dc1]
C  [jli.dll+0x52ab]
C  [ucrtbase.dll+0x37b0]
C  [KERNEL32.DLL+0x2e8d7]
C  [ntdll.dll+0x3c34c]


---------------  P R O C E S S  ---------------

Threads class SMR info:
_java_thread_list=0x00007ffd9d26a148, length=0, elements={
}

Java Threads: ( => current thread )
Total: 0

Other Threads:
  0x00000299a69b4230 WorkerThread "GC Thread#0"                     [id=19028, stack(0x000000ba5cb00000,0x000000ba5cc00000) (1024K)]
  0x00000299a69c5fa0 ConcurrentGCThread "G1 Main Marker"            [id=20592, stack(0x000000ba5cc00000,0x000000ba5cd00000) (1024K)]
  0x00000299a69c69b0 WorkerThread "G1 Conc#0"                       [id=21168, stack(0x000000ba5cd00000,0x000000ba5ce00000) (1024K)]

[error occurred during error reporting (printing all threads), id 0xc0000005, EXCEPTION_ACCESS_VIOLATION (0xc0000005) at pc=0x00007ffd9c958e07]
VM state: not at safepoint (not fully initialized)

VM Mutex/Monitor currently owned by a thread:  ([mutex/lock_event])
[0x00007ffd9d2deb30] Heap_lock - owner thread: 0x00000299a44a55f0

Heap address: 0x0000000080000000, size: 2048 MB, Compressed Oops mode: 32-bit

CDS archive(s) mapped at: [0x0000000000000000-0x0000000000000000-0x0000000000000000), size 0, SharedBaseAddress: 0x0000000800000000, ArchiveRelocationMode: 1.
Narrow klass base: 0x0000000000000000, Narrow klass shift: 0, Narrow klass range: 0x0

GC Precious Log:
 CardTable entry size: 512
 Card Set container configuration: InlinePtr #cards 5 size 8 Array Of Cards #cards 12 size 40 Howl #buckets 4 coarsen threshold 1843 Howl Bitmap #cards 512 size 80 coarsen threshold 460 Card regions per heap region 1 cards per card region 2048

Heap:
 garbage-first heap   total 0K, used 0K [0x0000000080000000, 0x0000000100000000)
  region size 1024K, 0 young (0K), 0 survivors (0K)
 Metaspace       used 0K, committed 0K, reserved 0K
  class space    used 0K, committed 0K, reserved 0K

Heap Regions: E=young(eden), S=young(survivor), O=old, HS=humongous(starts), HC=humongous(continues), CS=collection set, F=free, TAMS=top-at-mark-start, PB=parsable bottom

Card table byte_map: [0x00000299ba1d0000,0x00000299ba5d0000] _byte_map_base: 0x00000299b9dd0000

Marking Bits: (CMBitMap*) 0x00000299a69b4840
 Bits: [0x00000299ba5d0000, 0x00000299bc5d0000)

GC Heap History (0 events):
No events

Dll operation events (1 events):
Event: 0.004 Loaded shared library C:\Program Files\JetBrains\IntelliJ IDEA 2025.1.1.1\jbr\bin\java.dll

Deoptimization events (0 events):
No events

Classes loaded (0 events):
No events

Classes unloaded (0 events):
No events

Classes redefined (0 events):
No events

Internal exceptions (0 events):
No events

ZGC Phase Switch (0 events):
No events

VM Operations (0 events):
No events

Memory protections (0 events):
No events

Nmethod flushes (0 events):
No events

Events (0 events):
No events


Dynamic libraries:
0x00007ff6808b0000 - 0x00007ff6808ba000 	C:\Program Files\JetBrains\IntelliJ IDEA 2025.1.1.1\jbr\bin\java.exe
0x00007ffe13640000 - 0x00007ffe138a5000 	C:\WINDOWS\SYSTEM32\ntdll.dll
0x00007ffe11ed0000 - 0x00007ffe11f99000 	C:\WINDOWS\System32\KERNEL32.DLL
0x00007ffe10900000 - 0x00007ffe10ce8000 	C:\WINDOWS\System32\KERNELBASE.dll
0x00007ffe10ea0000 - 0x00007ffe10feb000 	C:\WINDOWS\System32\ucrtbase.dll
0x00007ffde24b0000 - 0x00007ffde24c8000 	C:\Program Files\JetBrains\IntelliJ IDEA 2025.1.1.1\jbr\bin\jli.dll
0x00007ffdcfbf0000 - 0x00007ffdcfc0b000 	C:\Program Files\JetBrains\IntelliJ IDEA 2025.1.1.1\jbr\bin\VCRUNTIME140.dll
0x00007ffe11850000 - 0x00007ffe11a1a000 	C:\WINDOWS\System32\USER32.dll
0x00007ffe10cf0000 - 0x00007ffe10d17000 	C:\WINDOWS\System32\win32u.dll
0x00007ffdfb8f0000 - 0x00007ffdfbb8a000 	C:\WINDOWS\WinSxS\amd64_microsoft.windows.common-controls_6595b64144ccf1df_6.0.26100.4202_none_3e0698d4e335f517\COMCTL32.dll
0x00007ffe11490000 - 0x00007ffe114bb000 	C:\WINDOWS\System32\GDI32.dll
0x00007ffe11790000 - 0x00007ffe11839000 	C:\WINDOWS\System32\msvcrt.dll
0x00007ffe11170000 - 0x00007ffe112a7000 	C:\WINDOWS\System32\gdi32full.dll
0x00007ffe10790000 - 0x00007ffe10833000 	C:\WINDOWS\System32\msvcp_win.dll
0x00007ffe12370000 - 0x00007ffe123a0000 	C:\WINDOWS\System32\IMM32.DLL
0x00007ffe007f0000 - 0x00007ffe007fc000 	C:\Program Files\JetBrains\IntelliJ IDEA 2025.1.1.1\jbr\bin\vcruntime140_1.dll
0x00007ffdbcf50000 - 0x00007ffdbcfdd000 	C:\Program Files\JetBrains\IntelliJ IDEA 2025.1.1.1\jbr\bin\msvcp140.dll
0x00007ffd9c610000 - 0x00007ffd9d3d1000 	C:\Program Files\JetBrains\IntelliJ IDEA 2025.1.1.1\jbr\bin\server\jvm.dll
0x00007ffe114c0000 - 0x00007ffe11573000 	C:\WINDOWS\System32\ADVAPI32.dll
0x00007ffe12950000 - 0x00007ffe129f6000 	C:\WINDOWS\System32\sechost.dll
0x00007ffe131b0000 - 0x00007ffe132c5000 	C:\WINDOWS\System32\RPCRT4.dll
0x00007ffe11610000 - 0x00007ffe11684000 	C:\WINDOWS\System32\WS2_32.dll
0x00007ffe105e0000 - 0x00007ffe1063e000 	C:\WINDOWS\SYSTEM32\POWRPROF.dll
0x00007ffe06390000 - 0x00007ffe063c5000 	C:\WINDOWS\SYSTEM32\WINMM.dll
0x00007ffdfeae0000 - 0x00007ffdfeaeb000 	C:\WINDOWS\SYSTEM32\VERSION.dll
0x00007ffe105c0000 - 0x00007ffe105d4000 	C:\WINDOWS\SYSTEM32\UMPDC.dll
0x00007ffe0f550000 - 0x00007ffe0f56b000 	C:\WINDOWS\SYSTEM32\kernel.appcore.dll
0x00007ffdfecc0000 - 0x00007ffdfecca000 	C:\Program Files\JetBrains\IntelliJ IDEA 2025.1.1.1\jbr\bin\jimage.dll
0x00007ffe0d9b0000 - 0x00007ffe0dbf1000 	C:\WINDOWS\SYSTEM32\DBGHELP.DLL
0x00007ffe11fb0000 - 0x00007ffe12335000 	C:\WINDOWS\System32\combase.dll
0x00007ffe11db0000 - 0x00007ffe11e91000 	C:\WINDOWS\System32\OLEAUT32.dll
0x00007ffdf8370000 - 0x00007ffdf83a9000 	C:\WINDOWS\SYSTEM32\dbgcore.DLL
0x00007ffe112b0000 - 0x00007ffe11349000 	C:\WINDOWS\System32\bcryptPrimitives.dll
0x00007ffdcfb40000 - 0x00007ffdcfb60000 	C:\Program Files\JetBrains\IntelliJ IDEA 2025.1.1.1\jbr\bin\java.dll

dbghelp: loaded successfully - version: 4.0.5 - missing functions: none
symbol engine: initialized successfully - sym options: 0x614 - pdb path: .;C:\Program Files\JetBrains\IntelliJ IDEA 2025.1.1.1\jbr\bin;C:\WINDOWS\SYSTEM32;C:\WINDOWS\WinSxS\amd64_microsoft.windows.common-controls_6595b64144ccf1df_6.0.26100.4202_none_3e0698d4e335f517;C:\Program Files\JetBrains\IntelliJ IDEA 2025.1.1.1\jbr\bin\server

VM Arguments:
jvm_args: -Djava.rmi.server.hostname=127.0.0.1 -Duser.timezone=UTC -Xmx2048m -Xms128m -Djdbc.classpath=C:\Users\user\AppData\Local\Temp\RemoteDriver1.classpath.txt --add-exports=java.desktop/sun.awt=ALL-UNNAMED --add-exports=java.desktop/java.awt.peer=ALL-UNNAMED --add-opens=java.desktop/java.awt=ALL-UNNAMED --add-opens=jdk.unsupported/sun.misc=ALL-UNNAMED --add-opens=java.base/java.nio=ALL-UNNAMED --add-opens=java.base/java.util=ALL-UNNAMED -Dfile.encoding=UTF-8 -Dsun.stdout.encoding=UTF-8 -Dsun.stderr.encoding=UTF-8 
java_command: com.intellij.database.remote.RemoteJdbcServer com.mysql.cj.jdbc.Driver
java_class_path (initial): C:\Program Files\JetBrains\IntelliJ IDEA 2025.1.1.1\lib\util_rt.jar;C:\Program Files\JetBrains\IntelliJ IDEA 2025.1.1.1\lib\util-8.jar;C:\Program Files\JetBrains\IntelliJ IDEA 2025.1.1.1\lib\groovy.jar;C:\Program Files\JetBrains\IntelliJ IDEA 2025.1.1.1\plugins\DatabaseTools\lib\jdbc-console.jar;C:\Program Files\JetBrains\IntelliJ IDEA 2025.1.1.1\lib\modules\intellij.grid.types.jar;C:\Program Files\JetBrains\IntelliJ IDEA 2025.1.1.1\lib\util.jar;C:\Program Files\JetBrains\IntelliJ IDEA 2025.1.1.1\lib\bouncy-castle.jar
Launcher Type: SUN_STANDARD

[Global flags]
     intx CICompilerCount                          = 4                                         {product} {ergonomic}
     uint ConcGCThreads                            = 3                                         {product} {ergonomic}
     uint G1ConcRefinementThreads                  = 10                                        {product} {ergonomic}
   size_t G1HeapRegionSize                         = 1048576                                   {product} {ergonomic}
    uintx GCDrainStackTargetSize                   = 64                                        {product} {ergonomic}
   size_t InitialHeapSize                          = 134217728                                 {product} {command line}
   size_t MarkStackSize                            = 4194304                                   {product} {ergonomic}
   size_t MaxHeapSize                              = 2147483648                                {product} {command line}
   size_t MinHeapDeltaBytes                        = 1048576                                   {product} {ergonomic}
   size_t MinHeapSize                              = 134217728                                 {product} {command line}
    uintx NonNMethodCodeHeapSize                   = 5839372                                {pd product} {ergonomic}
    uintx NonProfiledCodeHeapSize                  = 122909434                              {pd product} {ergonomic}
    uintx ProfiledCodeHeapSize                     = 122909434                              {pd product} {ergonomic}
    uintx ReservedCodeCacheSize                    = 251658240                              {pd product} {ergonomic}
     bool SegmentedCodeCache                       = true                                      {product} {ergonomic}
   size_t SoftMaxHeapSize                          = 2147483648                             {manageable} {ergonomic}
     bool UseCompressedOops                        = true                           {product lp64_product} {ergonomic}
     bool UseG1GC                                  = true                                      {product} {ergonomic}
     bool UseLargePagesIndividualAllocation        = false                                  {pd product} {ergonomic}

Logging:
Log output configuration:
 #0: stdout all=warning uptime,level,tags foldmultilines=false
 #1: stderr all=off uptime,level,tags foldmultilines=false

Environment Variables:
PATH=C:\app\user\product\21c\dbhomeXE\bin;C:\Program Files\Common Files\Oracle\Java\javapath;C:\WINDOWS\system32;C:\WINDOWS;C:\WINDOWS\System32\Wbem;C:\WINDOWS\System32\WindowsPowerShell\v1.0\;C:\WINDOWS\System32\OpenSSH\;C:\Program Files\Git\cmd;C:\Program Files\Java\jdk-21\bin;C:\Users\user\AppData\Local\Programs\Python\Launcher\;C:\Users\user\AppData\Local\Microsoft\WindowsApps;C:\Users\user\AppData\Local\Programs\Microsoft VS Code\bin;C:\Users\user\AppData\Local\GitHubDesktop\bin;C:\Program Files\JetBrains\IntelliJ IDEA 2025.1.1.1\bin;;C:\Program Files\JetBrains\IntelliJ IDEA Community Edition 2024.3.5\bin;;
USERNAME=user
OS=Windows_NT
PROCESSOR_IDENTIFIER=Intel64 Family 6 Model 186 Stepping 3, GenuineIntel
TMP=C:\Users\user\AppData\Local\Temp
TEMP=C:\Users\user\AppData\Local\Temp




Periodic native trim disabled

JNI global refs:
JNI global refs: 0, weak refs: 0

JNI global refs memory usage: 0, weak refs: 0

Process memory usage:
Resident Set Size: 13140K (0% of 16509416K total physical memory with 2385540K free physical memory)

OOME stack traces (most recent first):
Classloader memory used:

---------------  S Y S T E M  ---------------

OS:
 Windows 11 , 64 bit Build 26100 (10.0.26100.4202)
OS uptime: 0 days 5:12 hours

CPU: total 12 (initial active 12) (6 cores per cpu, 2 threads per core) family 6 model 186 stepping 3 microcode 0x410e, cx8, cmov, fxsr, ht, mmx, 3dnowpref, sse, sse2, sse3, ssse3, sse4.1, sse4.2, popcnt, lzcnt, tsc, tscinvbit, avx, avx2, aes, erms, clmul, bmi1, bmi2, adx, sha, fma, vzeroupper, clflush, clflushopt, clwb, serialize, rdtscp, rdpid, fsrm, f16c, pku, cet_ibt, cet_ss
Processor Information for the first 12 processors :
  Max Mhz: 1300, Current Mhz: 1300, Mhz Limit: 1300

Memory: 4k page, system-wide physical 16122M (2329M free)
TotalPageFile size 19122M (AvailPageFile size 139M)
current process WorkingSet (physical memory assigned to process): 12M, peak: 12M
current process commit charge ("private bytes"): 64M, peak: 192M

vm_info: OpenJDK 64-Bit Server VM (21.0.6+9-b895.109) for windows-amd64 JRE (21.0.6+9-b895.109), built on 2025-03-26 by "builduser" with MS VC++ 16.10 / 16.11 (VS2019)

END.
