#
# There is insufficient memory for the Java Runtime Environment to continue.
# Native memory allocation (mmap) failed to map 264241152 bytes for G1 virtual space
# Possible reasons:
#   The system is out of physical RAM or swap space
#   The process is running with CompressedOops enabled, and the Java Heap may be blocking the growth of the native heap
# Possible solutions:
#   Reduce memory load on the system
#   Increase physical memory or swap space
#   Check if swap backing store is full
#   Decrease Java heap size (-Xmx/-Xms)
#   Decrease number of Java threads
#   Decrease Java thread stack sizes (-Xss)
#   Set larger code cache with -XX:ReservedCodeCacheSize=
#   JVM is running with Zero Based Compressed Oops mode in which the Java heap is
#     placed in the first 32GB address space. The Java Heap base address is the
#     maximum limit for the native heap growth. Please use -XX:HeapBaseMinAddress
#     to set the Java Heap base and to place the Java Heap above 32GB virtual address.
# This output file may be truncated or incomplete.
#
#  Out of Memory Error (os_windows.cpp:3603), pid=2128, tid=3724
#
# JRE version:  (21.0.6+8) (build )
# Java VM: Java HotSpot(TM) 64-Bit Server VM (21.0.6+8-LTS-188, mixed mode, sharing, tiered, compressed oops, compressed class ptrs, g1 gc, windows-amd64)
# No core dump will be written. Minidumps are not enabled by default on client versions of Windows
#

---------------  S U M M A R Y ------------

Command Line: -javaagent:C:\Users\user\AppData\Local\JetBrains\IntelliJIdea2025.1\captureAgent\debugger-agent.jar=file:///C:/Users/user/AppData/Local/Temp/capture4269318314769174618.props -ea -Didea.test.cyclic.buffer.size=1048576 -javaagent:C:\Program Files\JetBrains\IntelliJ IDEA 2025.1\lib\idea_rt.jar=59411 -Dkotlinx.coroutines.debug.enable.creation.stack.trace=false -Ddebugger.agent.enable.coroutines=true -Dkotlinx.coroutines.debug.enable.flows.stack.trace=true -Dkotlinx.coroutines.debug.enable.mutable.state.flows.stack.trace=true -Dfile.encoding=UTF-8 -Dsun.stdout.encoding=UTF-8 -Dsun.stderr.encoding=UTF-8 com.intellij.rt.junit.JUnitStarter -ideVersion5 -junit4 org.spring.example.AccTest

Host: 13th Gen Intel(R) Core(TM) i5-1335U, 12 cores, 15G,  Windows 11 , 64 bit Build 26100 (10.0.26100.4202)
Time: Fri Jun 20 18:04:51 2025  Windows 11 , 64 bit Build 26100 (10.0.26100.4202) elapsed time: 1.133912 seconds (0d 0h 0m 1s)

---------------  T H R E A D  ---------------

Current thread (0x000001301a7d5eb0):  JavaThread "Unknown thread" [_thread_in_vm, id=3724, stack(0x0000000e39000000,0x0000000e39100000) (1024K)]

Stack: [0x0000000e39000000,0x0000000e39100000]
Native frames: (J=compiled Java code, j=interpreted, Vv=VM code, C=native code)
V  [jvm.dll+0x6ca6d9]
V  [jvm.dll+0x854f51]
V  [jvm.dll+0x85747e]
V  [jvm.dll+0x857b53]
V  [jvm.dll+0x27dcc6]
V  [jvm.dll+0x6c6e55]
V  [jvm.dll+0x6bb9da]
V  [jvm.dll+0x35393a]
V  [jvm.dll+0x35b596]
V  [jvm.dll+0x3adefe]
V  [jvm.dll+0x3ae1a8]
V  [jvm.dll+0x327cbc]
V  [jvm.dll+0x32881b]
V  [jvm.dll+0x81e309]
V  [jvm.dll+0x3babe1]
V  [jvm.dll+0x807658]
V  [jvm.dll+0x44fdae]
V  [jvm.dll+0x4519a1]
C  [jli.dll+0x52a3]
C  [ucrtbase.dll+0x37b0]
C  [KERNEL32.DLL+0x2e8d7]
C  [ntdll.dll+0x3c34c]


---------------  P R O C E S S  ---------------

Threads class SMR info:
_java_thread_list=0x00007ffafc05cc08, length=0, elements={
}

Java Threads: ( => current thread )
Total: 0

Other Threads:
  0x000001301a9eafc0 WorkerThread "GC Thread#0"                     [id=4084, stack(0x0000000e39100000,0x0000000e39200000) (1024K)]
  0x000001301a9fbba0 ConcurrentGCThread "G1 Main Marker"            [id=15172, stack(0x0000000e39200000,0x0000000e39300000) (1024K)]
  0x000001301a89d4e0 WorkerThread "G1 Conc#0"                       [id=4728, stack(0x0000000e39300000,0x0000000e39400000) (1024K)]

[error occurred during error reporting (printing all threads), id 0xc0000005, EXCEPTION_ACCESS_VIOLATION (0xc0000005) at pc=0x00007ffafb7ca427]
VM state: not at safepoint (not fully initialized)

VM Mutex/Monitor currently owned by a thread:  ([mutex/lock_event])
[0x00007ffafc0cdf98] Heap_lock - owner thread: 0x000001301a7d5eb0

Heap address: 0x0000000704000000, size: 4032 MB, Compressed Oops mode: Zero based, Oop shift amount: 3

CDS archive(s) mapped at: [0x0000000000000000-0x0000000000000000-0x0000000000000000), size 0, SharedBaseAddress: 0x0000000800000000, ArchiveRelocationMode: 1.
Narrow klass base: 0x0000000000000000, Narrow klass shift: 0, Narrow klass range: 0x0

GC Precious Log:
 CardTable entry size: 512
 Card Set container configuration: InlinePtr #cards 4 size 8 Array Of Cards #cards 16 size 48 Howl #buckets 8 coarsen threshold 3686 Howl Bitmap #cards 512 size 80 coarsen threshold 460 Card regions per heap region 1 cards per card region 4096

Heap:
 garbage-first heap   total 0K, used 0K [0x0000000704000000, 0x0000000800000000)
  region size 2048K, 0 young (0K), 0 survivors (0K)

[error occurred during error reporting (printing heap information), id 0xc0000005, EXCEPTION_ACCESS_VIOLATION (0xc0000005) at pc=0x00007ffafbbb36a9]
GC Heap History (0 events):
No events

Dll operation events (2 events):
Event: 0.018 Loaded shared library C:\Program Files\Java\jdk-21\bin\java.dll
Event: 0.020 Loaded shared library C:\Program Files\Java\jdk-21\bin\zip.dll

Deoptimization events (0 events):
No events

Classes loaded (0 events):
No events

Classes unloaded (0 events):
No events

Classes redefined (0 events):
No events

Internal exceptions (0 events):
No events

ZGC Phase Switch (0 events):
No events

VM Operations (0 events):
No events

Events (0 events):
No events


Dynamic libraries:
0x00007ff7ce8f0000 - 0x00007ff7ce900000 	C:\Program Files\Java\jdk-21\bin\java.exe
0x00007ffbb4780000 - 0x00007ffbb49e5000 	C:\WINDOWS\SYSTEM32\ntdll.dll
0x00007ffbb38a0000 - 0x00007ffbb3969000 	C:\WINDOWS\System32\KERNEL32.DLL
0x00007ffbb20a0000 - 0x00007ffbb2488000 	C:\WINDOWS\System32\KERNELBASE.dll
0x00007ffbb1da0000 - 0x00007ffbb1eeb000 	C:\WINDOWS\System32\ucrtbase.dll
0x00007ffb94b10000 - 0x00007ffb94b2b000 	C:\Program Files\Java\jdk-21\bin\VCRUNTIME140.dll
0x00007ffb91f50000 - 0x00007ffb91f69000 	C:\Program Files\Java\jdk-21\bin\jli.dll
0x00007ffbb35f0000 - 0x00007ffbb36a3000 	C:\WINDOWS\System32\ADVAPI32.dll
0x00007ffbb36b0000 - 0x00007ffbb3759000 	C:\WINDOWS\System32\msvcrt.dll
0x00007ffbb37f0000 - 0x00007ffbb3896000 	C:\WINDOWS\System32\sechost.dll
0x00007ffbb2de0000 - 0x00007ffbb2ef5000 	C:\WINDOWS\System32\RPCRT4.dll
0x00007ffbb39f0000 - 0x00007ffbb3bba000 	C:\WINDOWS\System32\USER32.dll
0x00007ffbb2070000 - 0x00007ffbb2097000 	C:\WINDOWS\System32\win32u.dll
0x00007ffb9b180000 - 0x00007ffb9b41a000 	C:\WINDOWS\WinSxS\amd64_microsoft.windows.common-controls_6595b64144ccf1df_6.0.26100.4202_none_3e0698d4e335f517\COMCTL32.dll
0x00007ffbb3d80000 - 0x00007ffbb3dab000 	C:\WINDOWS\System32\GDI32.dll
0x00007ffbb1c60000 - 0x00007ffbb1d97000 	C:\WINDOWS\System32\gdi32full.dll
0x00007ffbb1990000 - 0x00007ffbb1a33000 	C:\WINDOWS\System32\msvcp_win.dll
0x00007ffba0dd0000 - 0x00007ffba0ddb000 	C:\WINDOWS\SYSTEM32\VERSION.dll
0x00007ffbb4370000 - 0x00007ffbb43a0000 	C:\WINDOWS\System32\IMM32.DLL
0x00007ffb9e490000 - 0x00007ffb9e49c000 	C:\Program Files\Java\jdk-21\bin\vcruntime140_1.dll
0x00007ffb66fc0000 - 0x00007ffb6704e000 	C:\Program Files\Java\jdk-21\bin\msvcp140.dll
0x00007ffafb490000 - 0x00007ffafc1aa000 	C:\Program Files\Java\jdk-21\bin\server\jvm.dll
0x00007ffbb2610000 - 0x00007ffbb2684000 	C:\WINDOWS\System32\WS2_32.dll
0x00007ffbb1720000 - 0x00007ffbb177e000 	C:\WINDOWS\SYSTEM32\POWRPROF.dll
0x00007ffba85c0000 - 0x00007ffba85f5000 	C:\WINDOWS\SYSTEM32\WINMM.dll
0x00007ffbb1700000 - 0x00007ffbb1714000 	C:\WINDOWS\SYSTEM32\UMPDC.dll
0x00007ffbb0690000 - 0x00007ffbb06ab000 	C:\WINDOWS\SYSTEM32\kernel.appcore.dll
0x00007ffb9e0f0000 - 0x00007ffb9e0fa000 	C:\Program Files\Java\jdk-21\bin\jimage.dll
0x00007ffbaef90000 - 0x00007ffbaf1d1000 	C:\WINDOWS\SYSTEM32\DBGHELP.DLL
0x00007ffbb43b0000 - 0x00007ffbb4735000 	C:\WINDOWS\System32\combase.dll
0x00007ffbb2520000 - 0x00007ffbb2601000 	C:\WINDOWS\System32\OLEAUT32.dll
0x00007ffb927a0000 - 0x00007ffb927d9000 	C:\WINDOWS\SYSTEM32\dbgcore.DLL
0x00007ffbb1bc0000 - 0x00007ffbb1c59000 	C:\WINDOWS\System32\bcryptPrimitives.dll
0x00007ffb950b0000 - 0x00007ffb950bf000 	C:\Program Files\Java\jdk-21\bin\instrument.dll
0x00007ffb91f30000 - 0x00007ffb91f4f000 	C:\Program Files\Java\jdk-21\bin\java.dll
0x00007ffb80d20000 - 0x00007ffb80d38000 	C:\Program Files\Java\jdk-21\bin\zip.dll

dbghelp: loaded successfully - version: 4.0.5 - missing functions: none
symbol engine: initialized successfully - sym options: 0x614 - pdb path: .;C:\Program Files\Java\jdk-21\bin;C:\WINDOWS\SYSTEM32;C:\WINDOWS\WinSxS\amd64_microsoft.windows.common-controls_6595b64144ccf1df_6.0.26100.4202_none_3e0698d4e335f517;C:\Program Files\Java\jdk-21\bin\server

VM Arguments:
jvm_args: -javaagent:C:\Users\user\AppData\Local\JetBrains\IntelliJIdea2025.1\captureAgent\debugger-agent.jar=file:///C:/Users/user/AppData/Local/Temp/capture4269318314769174618.props -ea -Didea.test.cyclic.buffer.size=1048576 -javaagent:C:\Program Files\JetBrains\IntelliJ IDEA 2025.1\lib\idea_rt.jar=59411 -Dkotlinx.coroutines.debug.enable.creation.stack.trace=false -Ddebugger.agent.enable.coroutines=true -Dkotlinx.coroutines.debug.enable.flows.stack.trace=true -Dkotlinx.coroutines.debug.enable.mutable.state.flows.stack.trace=true -Dfile.encoding=UTF-8 -Dsun.stdout.encoding=UTF-8 -Dsun.stderr.encoding=UTF-8 
java_command: com.intellij.rt.junit.JUnitStarter -ideVersion5 -junit4 org.spring.example.AccTest
java_class_path (initial): C:\Program Files\JetBrains\IntelliJ IDEA 2025.1\lib\idea_rt.jar;C:\Program Files\JetBrains\IntelliJ IDEA 2025.1\plugins\junit\lib\junit5-rt.jar;C:\Program Files\JetBrains\IntelliJ IDEA 2025.1\plugins\junit\lib\junit-rt.jar;C:\IntellijProjects\ToyProject\target\test-classes;C:\IntellijProjects\ToyProject\target\classes;C:\Users\user\.m2\repository\junit\junit\4.13.2\junit-4.13.2.jar;C:\Users\user\.m2\repository\org\hamcrest\hamcrest-core\1.3\hamcrest-core-1.3.jar;C:\Users\user\.m2\repository\org\springframework\spring-webmvc\5.3.15\spring-webmvc-5.3.15.jar;C:\Users\user\.m2\repository\org\springframework\spring-aop\5.3.15\spring-aop-5.3.15.jar;C:\Users\user\.m2\repository\org\springframework\spring-beans\5.3.15\spring-beans-5.3.15.jar;C:\Users\user\.m2\repository\org\springframework\spring-core\5.3.15\spring-core-5.3.15.jar;C:\Users\user\.m2\repository\org\springframework\spring-jcl\5.3.15\spring-jcl-5.3.15.jar;C:\Users\user\.m2\repository\org\springframework\spring-expression\5.3.15\spring-expression-5.3.15.jar;C:\Users\user\.m2\repository\org\springframework\spring-web\5.3.15\spring-web-5.3.15.jar;C:\Users\user\.m2\repository\org\springframework\spring-context\5.3.15\spring-context-5.3.15.jar;C:\Users\user\.m2\repository\org\springframework\spring-jdbc\5.3.15\spring-jdbc-5.3.15.jar;C:\Users\user\.m2\repository\org\springframework\spring-tx\5.3.15\spring-tx-5.3.15.jar;C:\Users\user\.m2\repository\org\springframework\spring-test\5.3.15\spring-test-5.3.15.jar;C:\Users\user\.m2\repository\org\mybatis\mybatis\3.5.6\mybatis-3.5.6.jar;C:\Users\user\.m2\repository\org\mybatis\mybatis-spring\2.0.6\mybatis-spring-2.0.6.jar;C:\Users\user\.m2\repository\com\mysql\mysql-connector-j\8.3.0\mysql-connector-j-8.3.0.jar;C:\Users\user\.m2\repository\com\google\protobuf\protobuf-java\3.25.1\protobuf-java-3.25.1.jar;C:\Users\user\.m2\repository\javax\servlet\javax.servlet-api\3.1.0\javax.servlet-api-3.1.0.jar;C:\Users\user\.m2\repository\javax\servlet\jsp\jsp-api\2.1\jsp-api-2.1.jar;C:\Users\user\.m2\repository\javax\servlet\jstl\1.2\jstl-1.2.jar;C:\Users\user\.m2\repository\org\slf4j\slf4j-api\1.6.6\slf4j-api-1.6.6.jar;C:\Users\user\.m2\repository\org\slf4j\slf4j-log4j12\1.6.6\slf4j-log4j12-1.6.6.jar;C:\Users\user\.m2\repository\log4j\log4j\1.2.17\log4j-1.2.17.jar;C:\Users\user\.m2\repository\org\apache\commons\commons-dbcp2\2.9.0\commons-dbcp2-2.9.0.jar;C:\Users\user\.m2\repository\org\apache\commons\commons-pool2\2.10.0\commons-pool2-2.10.0.jar;C:\Users\user\.m2\repository\commons-logging\commons-logging\1.2\commons-logging-1.2.jar;C:\Users\user\.m2\repository\org\projectlombok\lombok\1.18.38\lombok-1.18.38.jar
Launcher Type: SUN_STANDARD

[Global flags]
     intx CICompilerCount                          = 4                                         {product} {ergonomic}
     uint ConcGCThreads                            = 3                                         {product} {ergonomic}
     uint G1ConcRefinementThreads                  = 10                                        {product} {ergonomic}
   size_t G1HeapRegionSize                         = 2097152                                   {product} {ergonomic}
    uintx GCDrainStackTargetSize                   = 64                                        {product} {ergonomic}
   size_t InitialHeapSize                          = 264241152                                 {product} {ergonomic}
   size_t MarkStackSize                            = 4194304                                   {product} {ergonomic}
   size_t MaxHeapSize                              = 4227858432                                {product} {ergonomic}
   size_t MinHeapDeltaBytes                        = 2097152                                   {product} {ergonomic}
   size_t MinHeapSize                              = 8388608                                   {product} {ergonomic}
    uintx NonNMethodCodeHeapSize                   = 5839372                                {pd product} {ergonomic}
    uintx NonProfiledCodeHeapSize                  = 122909434                              {pd product} {ergonomic}
    uintx ProfiledCodeHeapSize                     = 122909434                              {pd product} {ergonomic}
    uintx ReservedCodeCacheSize                    = 251658240                              {pd product} {ergonomic}
     bool SegmentedCodeCache                       = true                                      {product} {ergonomic}
   size_t SoftMaxHeapSize                          = 4227858432                             {manageable} {ergonomic}
     bool UseCompressedOops                        = true                           {product lp64_product} {ergonomic}
     bool UseG1GC                                  = true                                      {product} {ergonomic}
     bool UseLargePagesIndividualAllocation        = false                                  {pd product} {ergonomic}

Logging:
Log output configuration:
 #0: stdout all=warning uptime,level,tags foldmultilines=false
 #1: stderr all=off uptime,level,tags foldmultilines=false

Environment Variables:
JAVA_HOME=C:\Program Files\Java\jdk-21
PATH=C:\Program Files (x86)\VMware\VMware Workstation\bin\;C:\app\user\product\21c\dbhomeXE\bin;C:\Program Files\Common Files\Oracle\Java\javapath;C:\WINDOWS\system32;C:\WINDOWS;C:\WINDOWS\System32\Wbem;C:\WINDOWS\System32\WindowsPowerShell\v1.0\;C:\WINDOWS\System32\OpenSSH\;C:\Program Files\Git\cmd;C:\Program Files\Java\jdk-21\bin;C:\Program Files\Java\jdk-21\bin;C:\Program Files\platform-tools\platform-tools-latest-windows\platform-tools\;C:\Users\user\AppData\Local\Microsoft\WindowsApps;C:\Program Files\JetBrains\IntelliJ IDEA Community Edition 2024.3.5\bin;;C:\Program Files\Docker\Docker\resources\bin;C:\Program Files\MySQL\MySQL Shell 8.0\bin\;C:\Users\user\AppData\Local\Microsoft\WindowsApps;;C:\Program Files\JetBrains\IntelliJ IDEA Community Edition 2024.3.5\bin;;C:\Users\user\AppData\Local\Programs\Microsoft VS Code\bin;C:\Program Files\JetBrains\IntelliJ IDEA 2025.1\bin;
USERNAME=user
OS=Windows_NT
PROCESSOR_IDENTIFIER=Intel64 Family 6 Model 186 Stepping 3, GenuineIntel
TMP=C:\Users\user\AppData\Local\Temp
TEMP=C:\Users\user\AppData\Local\Temp




Periodic native trim disabled

---------------  S Y S T E M  ---------------

OS:
 Windows 11 , 64 bit Build 26100 (10.0.26100.4202)
OS uptime: 0 days 8:15 hours

CPU: total 12 (initial active 12) (6 cores per cpu, 2 threads per core) family 6 model 186 stepping 3 microcode 0x410e, cx8, cmov, fxsr, ht, mmx, 3dnowpref, sse, sse2, sse3, ssse3, sse4.1, sse4.2, popcnt, lzcnt, tsc, tscinvbit, avx, avx2, aes, erms, clmul, bmi1, bmi2, adx, sha, fma, vzeroupper, clflush, clflushopt, clwb, serialize, rdtscp, rdpid, fsrm, f16c, pku, cet_ibt, cet_ss
Processor Information for all 12 processors :
  Max Mhz: 1300, Current Mhz: 1300, Mhz Limit: 1300

Memory: 4k page, system-wide physical 16122M (6284M free)
TotalPageFile size 19122M (AvailPageFile size 148M)
current process WorkingSet (physical memory assigned to process): 13M, peak: 13M
current process commit charge ("private bytes"): 64M, peak: 316M

vm_info: Java HotSpot(TM) 64-Bit Server VM (21.0.6+8-LTS-188) for windows-amd64 JRE (21.0.6+8-LTS-188), built on 2024-12-03T10:50:54Z by "mach5one" with MS VC++ 17.6 (VS2022)

END.
